  ParticleSystem.cpp
C:\Users\arman\source\repos\ParticleSimulation\ParticleSImulation\ParticleSystem.cpp(15,38): warning C4244: 'argument': conversion from 'int' to 'T', possible loss of data
C:\Users\arman\source\repos\ParticleSimulation\ParticleSImulation\ParticleSystem.cpp(15,38): warning C4244:         with
C:\Users\arman\source\repos\ParticleSimulation\ParticleSImulation\ParticleSystem.cpp(15,38): warning C4244:         [
C:\Users\arman\source\repos\ParticleSimulation\ParticleSImulation\ParticleSystem.cpp(15,38): warning C4244:             T=float
C:\Users\arman\source\repos\ParticleSimulation\ParticleSImulation\ParticleSystem.cpp(15,38): warning C4244:         ]
C:\Users\arman\source\repos\ParticleSimulation\ParticleSImulation\ParticleSystem.cpp(27,20): warning C4018: '<': signed/unsigned mismatch
C:\Users\arman\source\repos\ParticleSimulation\ParticleSImulation\ParticleSystem.cpp(33,21): warning C4018: '<': signed/unsigned mismatch
C:\Users\arman\source\repos\ParticleSimulation\ParticleSImulation\ParticleSystem.cpp(65,88): warning C4244: 'argument': conversion from 'double' to 'T', possible loss of data
C:\Users\arman\source\repos\ParticleSimulation\ParticleSImulation\ParticleSystem.cpp(65,88): warning C4244:         with
C:\Users\arman\source\repos\ParticleSimulation\ParticleSImulation\ParticleSystem.cpp(65,88): warning C4244:         [
C:\Users\arman\source\repos\ParticleSimulation\ParticleSImulation\ParticleSystem.cpp(65,88): warning C4244:             T=float
C:\Users\arman\source\repos\ParticleSimulation\ParticleSImulation\ParticleSystem.cpp(65,88): warning C4244:         ]
C:\Users\arman\source\repos\ParticleSimulation\ParticleSImulation\ParticleSystem.cpp(65,58): warning C4244: 'argument': conversion from 'double' to 'T', possible loss of data
C:\Users\arman\source\repos\ParticleSimulation\ParticleSImulation\ParticleSystem.cpp(65,58): warning C4244:         with
C:\Users\arman\source\repos\ParticleSimulation\ParticleSImulation\ParticleSystem.cpp(65,58): warning C4244:         [
C:\Users\arman\source\repos\ParticleSimulation\ParticleSImulation\ParticleSystem.cpp(65,58): warning C4244:             T=float
C:\Users\arman\source\repos\ParticleSimulation\ParticleSImulation\ParticleSystem.cpp(65,58): warning C4244:         ]
C:\Users\arman\source\repos\ParticleSimulation\ParticleSImulation\ParticleSystem.cpp(68,56): warning C4244: 'argument': conversion from 'float' to 'int', possible loss of data
  ParticleSImulation.vcxproj -> C:\Users\arman\source\repos\ParticleSimulation\Debug\ParticleSImulation.exe
